<?xml version="1.0" encoding="UTF-8"?>
<!-- Generated by org.testng.reporters.JUnitReportReporter -->
<testsuite hostname="ATMECSCBELT-011" failures="0" tests="1" name="com.lambdatest.TestNGTodo1" time="18.713" errors="0" timestamp="2023-06-28T15:38:31 IST" skipped="0">
  <testcase classname="com.lambdatest.TestNGTodo1" name="basicTest" time="18.713"/>
  <system-out/>
</testsuite> <!-- com.lambdatest.TestNGTodo1 -->
